# JRE version: OpenJDK Runtime Environment (17.0.9) (build 17.0.9+0--11185874)
# Java VM: OpenJDK 64-Bit Server VM (17.0.9+0--11185874, mixed mode, tiered, compressed oops, compressed class ptrs, g1 gc, windows-amd64)
GC Precious Log:
 CPUs: 12 total, 12 available
 Memory: 15694M
 Large Page Support: Disabled
 NUMA Support: Disabled
 Compressed Oops: Enabled (Zero based)
 Heap Region Size: 2M
 Heap Min Capacity: 8M
 Heap Initial Capacity: 246M
 Heap Max Capacity: 3924M
 Pre-touch: Disabled
 Parallel Workers: 10
 Concurrent Workers: 3
 Concurrent Refinement Workers: 10
 Periodic GC: Disabled
Heap:
 garbage-first heap   total 352256K, used 245986K [0x000000070ac00000, 0x0000000800000000)
  region size 2048K, 4 young (8192K), 3 survivors (6144K)
 Metaspace       used 93793K, committed 94208K, reserved 1179648K
  class space    used 9590K, committed 9792K, reserved 1048576K
GC Heap History (20 events):
Event: 47.711 GC heap before
{Heap before GC invocations=46 (full 0):
 garbage-first heap   total 352256K, used 298914K [0x000000070ac00000, 0x0000000800000000)
  region size 2048K, 53 young (108544K), 2 survivors (4096K)
 Metaspace       used 76229K, committed 76608K, reserved 1179648K
  class space    used 8126K, committed 8320K, reserved 1048576K
}
Event: 47.732 GC heap after
{Heap after GC invocations=47 (full 0):
 garbage-first heap   total 352256K, used 210045K [0x000000070ac00000, 0x0000000800000000)
  region size 2048K, 7 young (14336K), 7 survivors (14336K)
 Metaspace       used 76229K, committed 76608K, reserved 1179648K
  class space    used 8126K, committed 8320K, reserved 1048576K
}
Event: 47.766 GC heap before
{Heap before GC invocations=47 (full 0):
 garbage-first heap   total 352256K, used 212093K [0x000000070ac00000, 0x0000000800000000)
  region size 2048K, 8 young (16384K), 7 survivors (14336K)
 Metaspace       used 76234K, committed 76672K, reserved 1179648K
  class space    used 8126K, committed 8320K, reserved 1048576K
}
Event: 47.781 GC heap after
{Heap after GC invocations=48 (full 0):
 garbage-first heap   total 352256K, used 211502K [0x000000070ac00000, 0x0000000800000000)
  region size 2048K, 1 young (2048K), 1 survivors (2048K)
 Metaspace       used 76234K, committed 76672K, reserved 1179648K
  class space    used 8126K, committed 8320K, reserved 1048576K
}
Event: 49.354 GC heap before
{Heap before GC invocations=48 (full 0):
 garbage-first heap   total 352256K, used 293422K [0x000000070ac00000, 0x0000000800000000)
  region size 2048K, 41 young (83968K), 1 survivors (2048K)
 Metaspace       used 80563K, committed 81024K, reserved 1179648K
  class space    used 8536K, committed 8768K, reserved 1048576K
}
Event: 49.367 GC heap after
{Heap after GC invocations=49 (full 0):
 garbage-first heap   total 352256K, used 221742K [0x000000070ac00000, 0x0000000800000000)
  region size 2048K, 6 young (12288K), 6 survivors (12288K)
 Metaspace       used 80563K, committed 81024K, reserved 1179648K
  class space    used 8536K, committed 8768K, reserved 1048576K
}
Event: 50.814 GC heap before
{Heap before GC invocations=49 (full 0):
 garbage-first heap   total 352256K, used 291374K [0x000000070ac00000, 0x0000000800000000)
  region size 2048K, 40 young (81920K), 6 survivors (12288K)
 Metaspace       used 86381K, committed 86848K, reserved 1179648K
  class space    used 9090K, committed 9344K, reserved 1048576K
}
Event: 50.829 GC heap after
{Heap after GC invocations=50 (full 0):
 garbage-first heap   total 352256K, used 230259K [0x000000070ac00000, 0x0000000800000000)
  region size 2048K, 5 young (10240K), 5 survivors (10240K)
 Metaspace       used 86381K, committed 86848K, reserved 1179648K
  class space    used 9090K, committed 9344K, reserved 1048576K
}
Event: 51.591 GC heap before
{Heap before GC invocations=50 (full 0):
 garbage-first heap   total 352256K, used 291699K [0x000000070ac00000, 0x0000000800000000)
  region size 2048K, 35 young (71680K), 5 survivors (10240K)
 Metaspace       used 87884K, committed 88320K, reserved 1179648K
  class space    used 9188K, committed 9408K, reserved 1048576K
}
Event: 51.600 GC heap after
{Heap after GC invocations=51 (full 0):
 garbage-first heap   total 352256K, used 232757K [0x000000070ac00000, 0x0000000800000000)
  region size 2048K, 2 young (4096K), 2 survivors (4096K)
 Metaspace       used 87884K, committed 88320K, reserved 1179648K
  class space    used 9188K, committed 9408K, reserved 1048576K
}
Event: 52.161 GC heap before
{Heap before GC invocations=51 (full 0):
 garbage-first heap   total 352256K, used 294197K [0x000000070ac00000, 0x0000000800000000)
  region size 2048K, 32 young (65536K), 2 survivors (4096K)
 Metaspace       used 88342K, committed 88768K, reserved 1179648K
  class space    used 9195K, committed 9408K, reserved 1048576K
}
Event: 52.166 GC heap after
{Heap after GC invocations=52 (full 0):
 garbage-first heap   total 352256K, used 233396K [0x000000070ac00000, 0x0000000800000000)
  region size 2048K, 2 young (4096K), 2 survivors (4096K)
 Metaspace       used 88342K, committed 88768K, reserved 1179648K
  class space    used 9195K, committed 9408K, reserved 1048576K
}
Event: 52.618 GC heap before
{Heap before GC invocations=52 (full 0):
 garbage-first heap   total 352256K, used 296884K [0x000000070ac00000, 0x0000000800000000)
  region size 2048K, 33 young (67584K), 2 survivors (4096K)
 Metaspace       used 88696K, committed 89152K, reserved 1179648K
  class space    used 9222K, committed 9472K, reserved 1048576K
}
Event: 52.625 GC heap after
{Heap after GC invocations=53 (full 0):
 garbage-first heap   total 352256K, used 237441K [0x000000070ac00000, 0x0000000800000000)
  region size 2048K, 4 young (8192K), 4 survivors (8192K)
 Metaspace       used 88696K, committed 89152K, reserved 1179648K
  class space    used 9222K, committed 9472K, reserved 1048576K
}
Event: 53.673 GC heap before
{Heap before GC invocations=53 (full 0):
 garbage-first heap   total 352256K, used 298881K [0x000000070ac00000, 0x0000000800000000)
  region size 2048K, 34 young (69632K), 4 survivors (8192K)
 Metaspace       used 89167K, committed 89600K, reserved 1179648K
  class space    used 9233K, committed 9472K, reserved 1048576K
}
Event: 53.683 GC heap after
{Heap after GC invocations=54 (full 0):
 garbage-first heap   total 352256K, used 240516K [0x000000070ac00000, 0x0000000800000000)
  region size 2048K, 4 young (8192K), 4 survivors (8192K)
 Metaspace       used 89167K, committed 89600K, reserved 1179648K
  class space    used 9233K, committed 9472K, reserved 1048576K
}
Event: 54.545 GC heap before
{Heap before GC invocations=54 (full 0):
 garbage-first heap   total 352256K, used 299908K [0x000000070ac00000, 0x0000000800000000)
  region size 2048K, 33 young (67584K), 4 survivors (8192K)
 Metaspace       used 89795K, committed 90176K, reserved 1179648K
  class space    used 9257K, committed 9472K, reserved 1048576K
}
Event: 54.555 GC heap after
{Heap after GC invocations=55 (full 0):
 garbage-first heap   total 352256K, used 243930K [0x000000070ac00000, 0x0000000800000000)
  region size 2048K, 4 young (8192K), 4 survivors (8192K)
 Metaspace       used 89795K, committed 90176K, reserved 1179648K
  class space    used 9257K, committed 9472K, reserved 1048576K
}
Event: 55.588 GC heap before
{Heap before GC invocations=55 (full 0):
 garbage-first heap   total 352256K, used 301274K [0x000000070ac00000, 0x0000000800000000)
  region size 2048K, 32 young (65536K), 4 survivors (8192K)
 Metaspace       used 93697K, committed 94144K, reserved 1179648K
  class space    used 9585K, committed 9792K, reserved 1048576K
}
Event: 55.599 GC heap after
{Heap after GC invocations=56 (full 0):
 garbage-first heap   total 352256K, used 245986K [0x000000070ac00000, 0x0000000800000000)
  region size 2048K, 3 young (6144K), 3 survivors (6144K)
 Metaspace       used 93697K, committed 94144K, reserved 1179648K
  class space    used 9585K, committed 9792K, reserved 1048576K
}

