# JRE version: OpenJDK Runtime Environment (17.0.9) (build 17.0.9+0--11185874)
# Java VM: OpenJDK 64-Bit Server VM (17.0.9+0--11185874, mixed mode, tiered, compressed oops, compressed class ptrs, g1 gc, windows-amd64)
GC Precious Log:
 CPUs: 12 total, 12 available
 Memory: 15694M
 Large Page Support: Disabled
 NUMA Support: Disabled
 Compressed Oops: Enabled (Zero based)
 Heap Region Size: 2M
 Heap Min Capacity: 8M
 Heap Initial Capacity: 246M
 Heap Max Capacity: 3924M
 Pre-touch: Disabled
 Parallel Workers: 10
 Concurrent Workers: 3
 Concurrent Refinement Workers: 10
 Periodic GC: Disabled
Heap:
 garbage-first heap   total 299008K, used 129111K [0x000000070ac00000, 0x0000000800000000)
  region size 2048K, 6 young (12288K), 6 survivors (12288K)
 Metaspace       used 79807K, committed 80128K, reserved 1179648K
  class space    used 8733K, committed 8896K, reserved 1048576K
GC Heap History (20 events):
Event: 7.726 GC heap after
{Heap after GC invocations=19 (full 0):
 garbage-first heap   total 149504K, used 74999K [0x000000070ac00000, 0x0000000800000000)
  region size 2048K, 3 young (6144K), 3 survivors (6144K)
 Metaspace       used 55236K, committed 55488K, reserved 1114112K
  class space    used 6460K, committed 6592K, reserved 1048576K
}
Event: 8.785 GC heap before
{Heap before GC invocations=19 (full 0):
 garbage-first heap   total 149504K, used 111863K [0x000000070ac00000, 0x0000000800000000)
  region size 2048K, 21 young (43008K), 3 survivors (6144K)
 Metaspace       used 58187K, committed 58432K, reserved 1114112K
  class space    used 6752K, committed 6912K, reserved 1048576K
}
Event: 8.799 GC heap after
{Heap after GC invocations=20 (full 0):
 garbage-first heap   total 149504K, used 80634K [0x000000070ac00000, 0x0000000800000000)
  region size 2048K, 3 young (6144K), 3 survivors (6144K)
 Metaspace       used 58187K, committed 58432K, reserved 1114112K
  class space    used 6752K, committed 6912K, reserved 1048576K
}
Event: 9.766 GC heap before
{Heap before GC invocations=21 (full 0):
 garbage-first heap   total 149504K, used 113402K [0x000000070ac00000, 0x0000000800000000)
  region size 2048K, 19 young (38912K), 3 survivors (6144K)
 Metaspace       used 61018K, committed 61312K, reserved 1114112K
  class space    used 7095K, committed 7232K, reserved 1048576K
}
Event: 9.777 GC heap after
{Heap after GC invocations=22 (full 0):
 garbage-first heap   total 149504K, used 86054K [0x000000070ac00000, 0x0000000800000000)
  region size 2048K, 3 young (6144K), 3 survivors (6144K)
 Metaspace       used 61018K, committed 61312K, reserved 1114112K
  class space    used 7095K, committed 7232K, reserved 1048576K
}
Event: 9.793 GC heap before
{Heap before GC invocations=22 (full 0):
 garbage-first heap   total 149504K, used 88102K [0x000000070ac00000, 0x0000000800000000)
  region size 2048K, 4 young (8192K), 3 survivors (6144K)
 Metaspace       used 61022K, committed 61312K, reserved 1114112K
  class space    used 7095K, committed 7232K, reserved 1048576K
}
Event: 9.801 GC heap after
{Heap after GC invocations=23 (full 0):
 garbage-first heap   total 149504K, used 86283K [0x000000070ac00000, 0x0000000800000000)
  region size 2048K, 1 young (2048K), 1 survivors (2048K)
 Metaspace       used 61022K, committed 61312K, reserved 1114112K
  class space    used 7095K, committed 7232K, reserved 1048576K
}
Event: 10.315 GC heap before
{Heap before GC invocations=23 (full 0):
 garbage-first heap   total 149504K, used 117003K [0x000000070ac00000, 0x0000000800000000)
  region size 2048K, 16 young (32768K), 1 survivors (2048K)
 Metaspace       used 61767K, committed 62016K, reserved 1114112K
  class space    used 7139K, committed 7296K, reserved 1048576K
}
Event: 10.324 GC heap after
{Heap after GC invocations=24 (full 0):
 garbage-first heap   total 299008K, used 91519K [0x000000070ac00000, 0x0000000800000000)
  region size 2048K, 2 young (4096K), 2 survivors (4096K)
 Metaspace       used 61767K, committed 62016K, reserved 1114112K
  class space    used 7139K, committed 7296K, reserved 1048576K
}
Event: 12.264 GC heap before
{Heap before GC invocations=25 (full 0):
 garbage-first heap   total 299008K, used 216447K [0x000000070ac00000, 0x0000000800000000)
  region size 2048K, 63 young (129024K), 2 survivors (4096K)
 Metaspace       used 69107K, committed 69440K, reserved 1114112K
  class space    used 7854K, committed 8000K, reserved 1048576K
}
Event: 12.288 GC heap after
{Heap after GC invocations=26 (full 0):
 garbage-first heap   total 299008K, used 112770K [0x000000070ac00000, 0x0000000800000000)
  region size 2048K, 8 young (16384K), 8 survivors (16384K)
 Metaspace       used 69107K, committed 69440K, reserved 1114112K
  class space    used 7854K, committed 8000K, reserved 1048576K
}
Event: 12.327 GC heap before
{Heap before GC invocations=26 (full 0):
 garbage-first heap   total 299008K, used 114818K [0x000000070ac00000, 0x0000000800000000)
  region size 2048K, 9 young (18432K), 8 survivors (16384K)
 Metaspace       used 69229K, committed 69504K, reserved 1114112K
  class space    used 7865K, committed 8000K, reserved 1048576K
}
Event: 12.339 GC heap after
{Heap after GC invocations=27 (full 0):
 garbage-first heap   total 299008K, used 114998K [0x000000070ac00000, 0x0000000800000000)
  region size 2048K, 2 young (4096K), 2 survivors (4096K)
 Metaspace       used 69229K, committed 69504K, reserved 1114112K
  class space    used 7865K, committed 8000K, reserved 1048576K
}
Event: 13.487 GC heap before
{Heap before GC invocations=27 (full 0):
 garbage-first heap   total 299008K, used 207158K [0x000000070ac00000, 0x0000000800000000)
  region size 2048K, 47 young (96256K), 2 survivors (4096K)
 Metaspace       used 75611K, committed 75904K, reserved 1179648K
  class space    used 8451K, committed 8576K, reserved 1048576K
}
Event: 13.493 GC heap after
{Heap after GC invocations=28 (full 0):
 garbage-first heap   total 299008K, used 118299K [0x000000070ac00000, 0x0000000800000000)
  region size 2048K, 3 young (6144K), 3 survivors (6144K)
 Metaspace       used 75611K, committed 75904K, reserved 1179648K
  class space    used 8451K, committed 8576K, reserved 1048576K
}
Event: 13.807 GC heap before
{Heap before GC invocations=28 (full 0):
 garbage-first heap   total 299008K, used 218651K [0x000000070ac00000, 0x0000000800000000)
  region size 2048K, 52 young (106496K), 3 survivors (6144K)
 Metaspace       used 75729K, committed 76032K, reserved 1179648K
  class space    used 8452K, committed 8576K, reserved 1048576K
}
Event: 13.816 GC heap after
{Heap after GC invocations=29 (full 0):
 garbage-first heap   total 299008K, used 122138K [0x000000070ac00000, 0x0000000800000000)
  region size 2048K, 5 young (10240K), 5 survivors (10240K)
 Metaspace       used 75729K, committed 76032K, reserved 1179648K
  class space    used 8452K, committed 8576K, reserved 1048576K
}
Event: 14.612 GC heap before
{Heap before GC invocations=29 (full 0):
 garbage-first heap   total 299008K, used 230682K [0x000000070ac00000, 0x0000000800000000)
  region size 2048K, 58 young (118784K), 5 survivors (10240K)
 Metaspace       used 78204K, committed 78464K, reserved 1179648K
  class space    used 8637K, committed 8768K, reserved 1048576K
}
Event: 14.623 GC heap after
{Heap after GC invocations=30 (full 0):
 garbage-first heap   total 299008K, used 124153K [0x000000070ac00000, 0x0000000800000000)
  region size 2048K, 4 young (8192K), 4 survivors (8192K)
 Metaspace       used 78204K, committed 78464K, reserved 1179648K
  class space    used 8637K, committed 8768K, reserved 1048576K
}
Event: 15.723 GC heap before
{Heap before GC invocations=30 (full 0):
 garbage-first heap   total 299008K, used 234745K [0x000000070ac00000, 0x0000000800000000)
  region size 2048K, 58 young (118784K), 4 survivors (8192K)
 Metaspace       used 79807K, committed 80128K, reserved 1179648K
  class space    used 8733K, committed 8896K, reserved 1048576K
}

