# JRE version: OpenJDK Runtime Environment (17.0.9) (build 17.0.9+0--11185874)
# Java VM: OpenJDK 64-Bit Server VM (17.0.9+0--11185874, mixed mode, tiered, compressed oops, compressed class ptrs, g1 gc, windows-amd64)
GC Precious Log:
 CPUs: 12 total, 12 available
 Memory: 15694M
 Large Page Support: Disabled
 NUMA Support: Disabled
 Compressed Oops: Enabled (Zero based)
 Heap Region Size: 2M
 Heap Min Capacity: 8M
 Heap Initial Capacity: 246M
 Heap Max Capacity: 3924M
 Pre-touch: Disabled
 Parallel Workers: 10
 Concurrent Workers: 3
 Concurrent Refinement Workers: 10
 Periodic GC: Disabled
Heap:
 garbage-first heap   total 149504K, used 92018K [0x000000070ac00000, 0x0000000800000000)
  region size 2048K, 2 young (4096K), 2 survivors (4096K)
 Metaspace       used 61912K, committed 62208K, reserved 1114112K
  class space    used 7142K, committed 7296K, reserved 1048576K
GC Heap History (20 events):
Event: 4.033 GC heap after
{Heap after GC invocations=12 (full 0):
 garbage-first heap   total 110592K, used 40008K [0x000000070ac00000, 0x0000000800000000)
  region size 2048K, 2 young (4096K), 2 survivors (4096K)
 Metaspace       used 46810K, committed 47040K, reserved 1114112K
  class space    used 5625K, committed 5760K, reserved 1048576K
}
Event: 4.601 GC heap before
{Heap before GC invocations=12 (full 0):
 garbage-first heap   total 110592K, used 76872K [0x000000070ac00000, 0x0000000800000000)
  region size 2048K, 20 young (40960K), 2 survivors (4096K)
 Metaspace       used 48261K, committed 48512K, reserved 1114112K
  class space    used 5760K, committed 5888K, reserved 1048576K
}
Event: 4.616 GC heap after
{Heap after GC invocations=13 (full 0):
 garbage-first heap   total 110592K, used 49160K [0x000000070ac00000, 0x0000000800000000)
  region size 2048K, 3 young (6144K), 3 survivors (6144K)
 Metaspace       used 48261K, committed 48512K, reserved 1114112K
  class space    used 5760K, committed 5888K, reserved 1048576K
}
Event: 5.388 GC heap before
{Heap before GC invocations=13 (full 0):
 garbage-first heap   total 110592K, used 77832K [0x000000070ac00000, 0x0000000800000000)
  region size 2048K, 17 young (34816K), 3 survivors (6144K)
 Metaspace       used 50139K, committed 50432K, reserved 1114112K
  class space    used 5868K, committed 6016K, reserved 1048576K
}
Event: 5.404 GC heap after
{Heap after GC invocations=14 (full 0):
 garbage-first heap   total 110592K, used 55312K [0x000000070ac00000, 0x0000000800000000)
  region size 2048K, 3 young (6144K), 3 survivors (6144K)
 Metaspace       used 50139K, committed 50432K, reserved 1114112K
  class space    used 5868K, committed 6016K, reserved 1048576K
}
Event: 5.879 GC heap before
{Heap before GC invocations=14 (full 0):
 garbage-first heap   total 110592K, used 81936K [0x000000070ac00000, 0x0000000800000000)
  region size 2048K, 16 young (32768K), 3 survivors (6144K)
 Metaspace       used 51950K, committed 52224K, reserved 1114112K
  class space    used 6064K, committed 6208K, reserved 1048576K
}
Event: 5.896 GC heap after
{Heap after GC invocations=15 (full 0):
 garbage-first heap   total 110592K, used 59071K [0x000000070ac00000, 0x0000000800000000)
  region size 2048K, 2 young (4096K), 2 survivors (4096K)
 Metaspace       used 51950K, committed 52224K, reserved 1114112K
  class space    used 6064K, committed 6208K, reserved 1048576K
}
Event: 6.333 GC heap before
{Heap before GC invocations=16 (full 0):
 garbage-first heap   total 112640K, used 81599K [0x000000070ac00000, 0x0000000800000000)
  region size 2048K, 13 young (26624K), 2 survivors (4096K)
 Metaspace       used 53669K, committed 53952K, reserved 1114112K
  class space    used 6285K, committed 6400K, reserved 1048576K
}
Event: 6.346 GC heap after
{Heap after GC invocations=17 (full 0):
 garbage-first heap   total 112640K, used 62344K [0x000000070ac00000, 0x0000000800000000)
  region size 2048K, 2 young (4096K), 2 survivors (4096K)
 Metaspace       used 53669K, committed 53952K, reserved 1114112K
  class space    used 6285K, committed 6400K, reserved 1048576K
}
Event: 6.533 GC heap before
{Heap before GC invocations=17 (full 0):
 garbage-first heap   total 112640K, used 74632K [0x000000070ac00000, 0x0000000800000000)
  region size 2048K, 9 young (18432K), 2 survivors (4096K)
 Metaspace       used 53898K, committed 54144K, reserved 1114112K
  class space    used 6297K, committed 6400K, reserved 1048576K
}
Event: 6.542 GC heap after
{Heap after GC invocations=18 (full 0):
 garbage-first heap   total 149504K, used 64487K [0x000000070ac00000, 0x0000000800000000)
  region size 2048K, 1 young (2048K), 1 survivors (2048K)
 Metaspace       used 53898K, committed 54144K, reserved 1114112K
  class space    used 6297K, committed 6400K, reserved 1048576K
}
Event: 7.277 GC heap before
{Heap before GC invocations=18 (full 0):
 garbage-first heap   total 149504K, used 111591K [0x000000070ac00000, 0x0000000800000000)
  region size 2048K, 23 young (47104K), 1 survivors (2048K)
 Metaspace       used 55277K, committed 55552K, reserved 1114112K
  class space    used 6465K, committed 6592K, reserved 1048576K
}
Event: 7.290 GC heap after
{Heap after GC invocations=19 (full 0):
 garbage-first heap   total 149504K, used 74214K [0x000000070ac00000, 0x0000000800000000)
  region size 2048K, 3 young (6144K), 3 survivors (6144K)
 Metaspace       used 55277K, committed 55552K, reserved 1114112K
  class space    used 6465K, committed 6592K, reserved 1048576K
}
Event: 8.527 GC heap before
{Heap before GC invocations=19 (full 0):
 garbage-first heap   total 149504K, used 113126K [0x000000070ac00000, 0x0000000800000000)
  region size 2048K, 22 young (45056K), 3 survivors (6144K)
 Metaspace       used 58965K, committed 59200K, reserved 1114112K
  class space    used 6887K, committed 7040K, reserved 1048576K
}
Event: 8.542 GC heap after
{Heap after GC invocations=20 (full 0):
 garbage-first heap   total 149504K, used 80022K [0x000000070ac00000, 0x0000000800000000)
  region size 2048K, 3 young (6144K), 3 survivors (6144K)
 Metaspace       used 58965K, committed 59200K, reserved 1114112K
  class space    used 6887K, committed 7040K, reserved 1048576K
}
Event: 9.492 GC heap before
{Heap before GC invocations=21 (full 0):
 garbage-first heap   total 149504K, used 114838K [0x000000070ac00000, 0x0000000800000000)
  region size 2048K, 20 young (40960K), 3 survivors (6144K)
 Metaspace       used 61213K, committed 61440K, reserved 1114112K
  class space    used 7098K, committed 7232K, reserved 1048576K
}
Event: 9.504 GC heap after
{Heap after GC invocations=22 (full 0):
 garbage-first heap   total 149504K, used 86352K [0x000000070ac00000, 0x0000000800000000)
  region size 2048K, 3 young (6144K), 3 survivors (6144K)
 Metaspace       used 61213K, committed 61440K, reserved 1114112K
  class space    used 7098K, committed 7232K, reserved 1048576K
}
Event: 9.520 GC heap before
{Heap before GC invocations=22 (full 0):
 garbage-first heap   total 149504K, used 88400K [0x000000070ac00000, 0x0000000800000000)
  region size 2048K, 4 young (8192K), 3 survivors (6144K)
 Metaspace       used 61215K, committed 61440K, reserved 1114112K
  class space    used 7098K, committed 7232K, reserved 1048576K
}
Event: 9.529 GC heap after
{Heap after GC invocations=23 (full 0):
 garbage-first heap   total 149504K, used 87102K [0x000000070ac00000, 0x0000000800000000)
  region size 2048K, 1 young (2048K), 1 survivors (2048K)
 Metaspace       used 61215K, committed 61440K, reserved 1114112K
  class space    used 7098K, committed 7232K, reserved 1048576K
}
Event: 10.037 GC heap before
{Heap before GC invocations=23 (full 0):
 garbage-first heap   total 149504K, used 117822K [0x000000070ac00000, 0x0000000800000000)
  region size 2048K, 16 young (32768K), 1 survivors (2048K)
 Metaspace       used 61912K, committed 62208K, reserved 1114112K
  class space    used 7142K, committed 7296K, reserved 1048576K
}

