# JRE version: OpenJDK Runtime Environment (17.0.9) (build 17.0.9+0--11185874)
# Java VM: OpenJDK 64-Bit Server VM (17.0.9+0--11185874, mixed mode, tiered, compressed oops, compressed class ptrs, g1 gc, windows-amd64)
GC Precious Log:
 CPUs: 12 total, 12 available
 Memory: 15694M
 Large Page Support: Disabled
 NUMA Support: Disabled
 Compressed Oops: Enabled (32-bit)
 Heap Region Size: 1M
 Heap Min Capacity: 8M
 Heap Initial Capacity: 246M
 Heap Max Capacity: 2G
 Pre-touch: Disabled
 Parallel Workers: 10
 Concurrent Workers: 3
 Concurrent Refinement Workers: 10
 Periodic GC: Disabled
Heap:
 garbage-first heap   total 380928K, used 209606K [0x0000000080000000, 0x0000000100000000)
  region size 1024K, 9 young (9216K), 9 survivors (9216K)
 Metaspace       used 110053K, committed 110784K, reserved 1179648K
  class space    used 15159K, committed 15552K, reserved 1048576K
GC Heap History (20 events):
Event: 17.798 GC heap after
{Heap after GC invocations=32 (full 0):
 garbage-first heap   total 235520K, used 118156K [0x0000000080000000, 0x0000000100000000)
  region size 1024K, 8 young (8192K), 8 survivors (8192K)
 Metaspace       used 102102K, committed 102720K, reserved 1179648K
  class space    used 14110K, committed 14400K, reserved 1048576K
}
Event: 17.809 GC heap before
{Heap before GC invocations=32 (full 0):
 garbage-first heap   total 235520K, used 121228K [0x0000000080000000, 0x0000000100000000)
  region size 1024K, 11 young (11264K), 8 survivors (8192K)
 Metaspace       used 102117K, committed 102784K, reserved 1179648K
  class space    used 14110K, committed 14400K, reserved 1048576K
}
Event: 17.816 GC heap after
{Heap after GC invocations=33 (full 0):
 garbage-first heap   total 282624K, used 116569K [0x0000000080000000, 0x0000000100000000)
  region size 1024K, 2 young (2048K), 2 survivors (2048K)
 Metaspace       used 102117K, committed 102784K, reserved 1179648K
  class space    used 14110K, committed 14400K, reserved 1048576K
}
Event: 18.846 GC heap before
{Heap before GC invocations=33 (full 0):
 garbage-first heap   total 282624K, used 223065K [0x0000000080000000, 0x0000000100000000)
  region size 1024K, 106 young (108544K), 2 survivors (2048K)
 Metaspace       used 105295K, committed 105984K, reserved 1179648K
  class space    used 14468K, committed 14848K, reserved 1048576K
}
Event: 18.853 GC heap after
{Heap after GC invocations=34 (full 0):
 garbage-first heap   total 282624K, used 122923K [0x0000000080000000, 0x0000000100000000)
  region size 1024K, 8 young (8192K), 8 survivors (8192K)
 Metaspace       used 105295K, committed 105984K, reserved 1179648K
  class space    used 14468K, committed 14848K, reserved 1048576K
}
Event: 19.418 GC heap before
{Heap before GC invocations=34 (full 0):
 garbage-first heap   total 282624K, used 223275K [0x0000000080000000, 0x0000000100000000)
  region size 1024K, 107 young (109568K), 8 survivors (8192K)
 Metaspace       used 105996K, committed 106752K, reserved 1179648K
  class space    used 14566K, committed 14912K, reserved 1048576K
}
Event: 19.428 GC heap after
{Heap after GC invocations=35 (full 0):
 garbage-first heap   total 282624K, used 129778K [0x0000000080000000, 0x0000000100000000)
  region size 1024K, 9 young (9216K), 9 survivors (9216K)
 Metaspace       used 105996K, committed 106752K, reserved 1179648K
  class space    used 14566K, committed 14912K, reserved 1048576K
}
Event: 19.736 GC heap before
{Heap before GC invocations=35 (full 0):
 garbage-first heap   total 282624K, used 248562K [0x0000000080000000, 0x0000000100000000)
  region size 1024K, 103 young (105472K), 9 survivors (9216K)
 Metaspace       used 106477K, committed 107264K, reserved 1179648K
  class space    used 14625K, committed 15040K, reserved 1048576K
}
Event: 19.746 GC heap after
{Heap after GC invocations=36 (full 0):
 garbage-first heap   total 282624K, used 170147K [0x0000000080000000, 0x0000000100000000)
  region size 1024K, 13 young (13312K), 13 survivors (13312K)
 Metaspace       used 106477K, committed 107264K, reserved 1179648K
  class space    used 14625K, committed 15040K, reserved 1048576K
}
Event: 19.860 GC heap before
{Heap before GC invocations=36 (full 0):
 garbage-first heap   total 282624K, used 223395K [0x0000000080000000, 0x0000000100000000)
  region size 1024K, 67 young (68608K), 13 survivors (13312K)
 Metaspace       used 107393K, committed 108096K, reserved 1179648K
  class space    used 14747K, committed 15104K, reserved 1048576K
}
Event: 19.950 GC heap after
{Heap after GC invocations=37 (full 1):
 garbage-first heap   total 282624K, used 157287K [0x0000000080000000, 0x0000000100000000)
  region size 1024K, 0 young (0K), 0 survivors (0K)
 Metaspace       used 107393K, committed 108096K, reserved 1179648K
  class space    used 14747K, committed 15104K, reserved 1048576K
}
Event: 20.176 GC heap before
{Heap before GC invocations=37 (full 1):
 garbage-first heap   total 282624K, used 199271K [0x0000000080000000, 0x0000000100000000)
  region size 1024K, 27 young (27648K), 0 survivors (0K)
 Metaspace       used 109769K, committed 110464K, reserved 1179648K
  class space    used 15115K, committed 15488K, reserved 1048576K
}
Event: 20.180 GC heap after
{Heap after GC invocations=38 (full 1):
 garbage-first heap   total 282624K, used 168190K [0x0000000080000000, 0x0000000100000000)
  region size 1024K, 4 young (4096K), 4 survivors (4096K)
 Metaspace       used 109769K, committed 110464K, reserved 1179648K
  class space    used 15115K, committed 15488K, reserved 1048576K
}
Event: 20.192 GC heap before
{Heap before GC invocations=38 (full 1):
 garbage-first heap   total 282624K, used 199934K [0x0000000080000000, 0x0000000100000000)
  region size 1024K, 21 young (21504K), 4 survivors (4096K)
 Metaspace       used 109772K, committed 110464K, reserved 1179648K
  class space    used 15115K, committed 15488K, reserved 1048576K
}
Event: 20.197 GC heap after
{Heap after GC invocations=39 (full 1):
 garbage-first heap   total 282624K, used 182906K [0x0000000080000000, 0x0000000100000000)
  region size 1024K, 8 young (8192K), 8 survivors (8192K)
 Metaspace       used 109772K, committed 110464K, reserved 1179648K
  class space    used 15115K, committed 15488K, reserved 1048576K
}
Event: 20.198 GC heap before
{Heap before GC invocations=39 (full 1):
 garbage-first heap   total 282624K, used 184954K [0x0000000080000000, 0x0000000100000000)
  region size 1024K, 8 young (8192K), 8 survivors (8192K)
 Metaspace       used 109772K, committed 110464K, reserved 1179648K
  class space    used 15115K, committed 15488K, reserved 1048576K
}
Event: 20.202 GC heap after
{Heap after GC invocations=40 (full 1):
 garbage-first heap   total 282624K, used 185288K [0x0000000080000000, 0x0000000100000000)
  region size 1024K, 0 young (0K), 0 survivors (0K)
 Metaspace       used 109772K, committed 110464K, reserved 1179648K
  class space    used 15115K, committed 15488K, reserved 1048576K
}
Event: 20.447 GC heap before
{Heap before GC invocations=41 (full 1):
 garbage-first heap   total 380928K, used 243656K [0x0000000080000000, 0x0000000100000000)
  region size 1024K, 31 young (31744K), 0 survivors (0K)
 Metaspace       used 110053K, committed 110784K, reserved 1179648K
  class space    used 15159K, committed 15552K, reserved 1048576K
}
Event: 20.460 GC heap after
{Heap after GC invocations=42 (full 1):
 garbage-first heap   total 380928K, used 205240K [0x0000000080000000, 0x0000000100000000)
  region size 1024K, 4 young (4096K), 4 survivors (4096K)
 Metaspace       used 110053K, committed 110784K, reserved 1179648K
  class space    used 15159K, committed 15552K, reserved 1048576K
}
Event: 20.501 GC heap before
{Heap before GC invocations=42 (full 1):
 garbage-first heap   total 380928K, used 215480K [0x0000000080000000, 0x0000000100000000)
  region size 1024K, 15 young (15360K), 4 survivors (4096K)
 Metaspace       used 110053K, committed 110784K, reserved 1179648K
  class space    used 15159K, committed 15552K, reserved 1048576K
}

