# JRE version: OpenJDK Runtime Environment (17.0.9) (build 17.0.9+0--11185874)
# Java VM: OpenJDK 64-Bit Server VM (17.0.9+0--11185874, mixed mode, tiered, compressed oops, compressed class ptrs, g1 gc, windows-amd64)
GC Precious Log:
 CPUs: 12 total, 12 available
 Memory: 15694M
 Large Page Support: Disabled
 NUMA Support: Disabled
 Compressed Oops: Enabled (Zero based)
 Heap Region Size: 2M
 Heap Min Capacity: 8M
 Heap Initial Capacity: 246M
 Heap Max Capacity: 3924M
 Pre-touch: Disabled
 Parallel Workers: 10
 Concurrent Workers: 3
 Concurrent Refinement Workers: 10
 Periodic GC: Disabled
Heap:
 garbage-first heap   total 251904K, used 91735K [0x000000070ac00000, 0x0000000800000000)
  region size 2048K, 2 young (4096K), 2 survivors (4096K)
 Metaspace       used 61950K, committed 62208K, reserved 1114112K
  class space    used 7149K, committed 7296K, reserved 1048576K
GC Heap History (20 events):
Event: 4.024 GC heap after
{Heap after GC invocations=12 (full 0):
 garbage-first heap   total 110592K, used 39872K [0x000000070ac00000, 0x0000000800000000)
  region size 2048K, 2 young (4096K), 2 survivors (4096K)
 Metaspace       used 46802K, committed 47104K, reserved 1114112K
  class space    used 5626K, committed 5760K, reserved 1048576K
}
Event: 4.624 GC heap before
{Heap before GC invocations=12 (full 0):
 garbage-first heap   total 110592K, used 76736K [0x000000070ac00000, 0x0000000800000000)
  region size 2048K, 20 young (40960K), 2 survivors (4096K)
 Metaspace       used 48203K, committed 48448K, reserved 1114112K
  class space    used 5761K, committed 5888K, reserved 1048576K
}
Event: 4.643 GC heap after
{Heap after GC invocations=13 (full 0):
 garbage-first heap   total 110592K, used 50001K [0x000000070ac00000, 0x0000000800000000)
  region size 2048K, 3 young (6144K), 3 survivors (6144K)
 Metaspace       used 48203K, committed 48448K, reserved 1114112K
  class space    used 5761K, committed 5888K, reserved 1048576K
}
Event: 5.353 GC heap before
{Heap before GC invocations=13 (full 0):
 garbage-first heap   total 110592K, used 78673K [0x000000070ac00000, 0x0000000800000000)
  region size 2048K, 17 young (34816K), 3 survivors (6144K)
 Metaspace       used 50088K, committed 50368K, reserved 1114112K
  class space    used 5870K, committed 6016K, reserved 1048576K
}
Event: 5.371 GC heap after
{Heap after GC invocations=14 (full 0):
 garbage-first heap   total 110592K, used 55072K [0x000000070ac00000, 0x0000000800000000)
  region size 2048K, 3 young (6144K), 3 survivors (6144K)
 Metaspace       used 50088K, committed 50368K, reserved 1114112K
  class space    used 5870K, committed 6016K, reserved 1048576K
}
Event: 5.845 GC heap before
{Heap before GC invocations=14 (full 0):
 garbage-first heap   total 110592K, used 81696K [0x000000070ac00000, 0x0000000800000000)
  region size 2048K, 16 young (32768K), 3 survivors (6144K)
 Metaspace       used 51908K, committed 52160K, reserved 1114112K
  class space    used 6066K, committed 6208K, reserved 1048576K
}
Event: 5.862 GC heap after
{Heap after GC invocations=15 (full 0):
 garbage-first heap   total 110592K, used 58717K [0x000000070ac00000, 0x0000000800000000)
  region size 2048K, 2 young (4096K), 2 survivors (4096K)
 Metaspace       used 51908K, committed 52160K, reserved 1114112K
  class space    used 6066K, committed 6208K, reserved 1048576K
}
Event: 6.309 GC heap before
{Heap before GC invocations=16 (full 0):
 garbage-first heap   total 112640K, used 83293K [0x000000070ac00000, 0x0000000800000000)
  region size 2048K, 14 young (28672K), 2 survivors (4096K)
 Metaspace       used 53688K, committed 53952K, reserved 1114112K
  class space    used 6291K, committed 6400K, reserved 1048576K
}
Event: 6.322 GC heap after
{Heap after GC invocations=17 (full 0):
 garbage-first heap   total 112640K, used 62417K [0x000000070ac00000, 0x0000000800000000)
  region size 2048K, 2 young (4096K), 2 survivors (4096K)
 Metaspace       used 53688K, committed 53952K, reserved 1114112K
  class space    used 6291K, committed 6400K, reserved 1048576K
}
Event: 6.480 GC heap before
{Heap before GC invocations=17 (full 0):
 garbage-first heap   total 112640K, used 70609K [0x000000070ac00000, 0x0000000800000000)
  region size 2048K, 7 young (14336K), 2 survivors (4096K)
 Metaspace       used 53852K, committed 54080K, reserved 1114112K
  class space    used 6298K, committed 6400K, reserved 1048576K
}
Event: 6.487 GC heap after
{Heap after GC invocations=18 (full 0):
 garbage-first heap   total 149504K, used 63896K [0x000000070ac00000, 0x0000000800000000)
  region size 2048K, 1 young (2048K), 1 survivors (2048K)
 Metaspace       used 53852K, committed 54080K, reserved 1114112K
  class space    used 6298K, committed 6400K, reserved 1048576K
}
Event: 7.296 GC heap before
{Heap before GC invocations=18 (full 0):
 garbage-first heap   total 149504K, used 113048K [0x000000070ac00000, 0x0000000800000000)
  region size 2048K, 24 young (49152K), 1 survivors (2048K)
 Metaspace       used 55224K, committed 55488K, reserved 1114112K
  class space    used 6468K, committed 6592K, reserved 1048576K
}
Event: 7.306 GC heap after
{Heap after GC invocations=19 (full 0):
 garbage-first heap   total 149504K, used 74024K [0x000000070ac00000, 0x0000000800000000)
  region size 2048K, 3 young (6144K), 3 survivors (6144K)
 Metaspace       used 55224K, committed 55488K, reserved 1114112K
  class space    used 6468K, committed 6592K, reserved 1048576K
}
Event: 8.597 GC heap before
{Heap before GC invocations=19 (full 0):
 garbage-first heap   total 149504K, used 112936K [0x000000070ac00000, 0x0000000800000000)
  region size 2048K, 22 young (45056K), 3 survivors (6144K)
 Metaspace       used 59579K, committed 59840K, reserved 1114112K
  class space    used 6983K, committed 7104K, reserved 1048576K
}
Event: 8.614 GC heap after
{Heap after GC invocations=20 (full 0):
 garbage-first heap   total 149504K, used 79627K [0x000000070ac00000, 0x0000000800000000)
  region size 2048K, 3 young (6144K), 3 survivors (6144K)
 Metaspace       used 59579K, committed 59840K, reserved 1114112K
  class space    used 6983K, committed 7104K, reserved 1048576K
}
Event: 9.551 GC heap before
{Heap before GC invocations=21 (full 0):
 garbage-first heap   total 149504K, used 114443K [0x000000070ac00000, 0x0000000800000000)
  region size 2048K, 20 young (40960K), 3 survivors (6144K)
 Metaspace       used 61081K, committed 61376K, reserved 1114112K
  class space    used 7099K, committed 7232K, reserved 1048576K
}
Event: 9.566 GC heap after
{Heap after GC invocations=22 (full 0):
 garbage-first heap   total 149504K, used 85894K [0x000000070ac00000, 0x0000000800000000)
  region size 2048K, 3 young (6144K), 3 survivors (6144K)
 Metaspace       used 61081K, committed 61376K, reserved 1114112K
  class space    used 7099K, committed 7232K, reserved 1048576K
}
Event: 9.591 GC heap before
{Heap before GC invocations=22 (full 0):
 garbage-first heap   total 149504K, used 87942K [0x000000070ac00000, 0x0000000800000000)
  region size 2048K, 4 young (8192K), 3 survivors (6144K)
 Metaspace       used 61116K, committed 61376K, reserved 1114112K
  class space    used 7100K, committed 7232K, reserved 1048576K
}
Event: 9.599 GC heap after
{Heap after GC invocations=23 (full 0):
 garbage-first heap   total 149504K, used 87042K [0x000000070ac00000, 0x0000000800000000)
  region size 2048K, 1 young (2048K), 1 survivors (2048K)
 Metaspace       used 61116K, committed 61376K, reserved 1114112K
  class space    used 7100K, committed 7232K, reserved 1048576K
}
Event: 10.131 GC heap before
{Heap before GC invocations=23 (full 0):
 garbage-first heap   total 149504K, used 117762K [0x000000070ac00000, 0x0000000800000000)
  region size 2048K, 16 young (32768K), 1 survivors (2048K)
 Metaspace       used 61950K, committed 62208K, reserved 1114112K
  class space    used 7149K, committed 7296K, reserved 1048576K
}

